# JRE version: Java(TM) SE Runtime Environment (8.0_151-b12) (build 1.8.0_151-b12)
# Java VM: Java HotSpot(TM) 64-Bit Server VM (25.151-b12 mixed mode windows-amd64 compressed oops)
Heap:
 garbage-first heap   total 145408K, used 108032K [0x00000000c0000000, 0x00000000c0100470, 0x0000000100000000)
  region size 1024K, 65 young (66560K), 9 survivors (9216K)
 Metaspace       used 53881K, capacity 56708K, committed 57088K, reserved 1099776K
  class space    used 5711K, capacity 6568K, committed 6656K, reserved 1048576K
GC Heap History (10 events):
Event: 7.046 GC heap after
Heap after GC invocations=6 (full 0):
 garbage-first heap   total 131072K, used 28184K [0x00000000c0000000, 0x00000000c0100400, 0x0000000100000000)
  region size 1024K, 10 young (10240K), 10 survivors (10240K)
 Metaspace       used 28767K, capacity 30330K, committed 30592K, reserved 1077248K
  class space    used 3155K, capacity 3670K, committed 3712K, reserved 1048576K
}
Event: 8.428 GC heap before
{Heap before GC invocations=6 (full 0):
 garbage-first heap   total 131072K, used 60952K [0x00000000c0000000, 0x00000000c0100400, 0x0000000100000000)
  region size 1024K, 43 young (44032K), 10 survivors (10240K)
 Metaspace       used 33511K, capacity 35666K, committed 35840K, reserved 1081344K
  class space    used 3723K, capacity 4380K, committed 4480K, reserved 1048576K
Event: 8.455 GC heap after
Heap after GC invocations=7 (full 0):
 garbage-first heap   total 131072K, used 37375K [0x00000000c0000000, 0x00000000c0100400, 0x0000000100000000)
  region size 1024K, 9 young (9216K), 9 survivors (9216K)
 Metaspace       used 33511K, capacity 35666K, committed 35840K, reserved 1081344K
  class space    used 3723K, capacity 4380K, committed 4480K, reserved 1048576K
}
Event: 11.517 GC heap before
{Heap before GC invocations=8 (full 0):
 garbage-first heap   total 131072K, used 97280K [0x00000000c0000000, 0x00000000c0100400, 0x0000000100000000)
  region size 1024K, 76 young (77824K), 9 survivors (9216K)
 Metaspace       used 40887K, capacity 43132K, committed 43392K, reserved 1087488K
  class space    used 4478K, capacity 5178K, committed 5248K, reserved 1048576K
Event: 11.541 GC heap after
Heap after GC invocations=9 (full 0):
 garbage-first heap   total 131072K, used 36864K [0x00000000c0000000, 0x00000000c0100400, 0x0000000100000000)
  region size 1024K, 10 young (10240K), 10 survivors (10240K)
 Metaspace       used 40887K, capacity 43132K, committed 43392K, reserved 1087488K
  class space    used 4478K, capacity 5178K, committed 5248K, reserved 1048576K
}
Event: 11.585 GC heap before
{Heap before GC invocations=9 (full 0):
 garbage-first heap   total 131072K, used 37888K [0x00000000c0000000, 0x00000000c0100400, 0x0000000100000000)
  region size 1024K, 11 young (11264K), 10 survivors (10240K)
 Metaspace       used 40904K, capacity 43196K, committed 43392K, reserved 1087488K
  class space    used 4478K, capacity 5178K, committed 5248K, reserved 1048576K
Event: 11.603 GC heap after
Heap after GC invocations=10 (full 0):
 garbage-first heap   total 131072K, used 38912K [0x00000000c0000000, 0x00000000c0100400, 0x0000000100000000)
  region size 1024K, 2 young (2048K), 2 survivors (2048K)
 Metaspace       used 40904K, capacity 43196K, committed 43392K, reserved 1087488K
  class space    used 4478K, capacity 5178K, committed 5248K, reserved 1048576K
}
Event: 23.396 GC heap before
{Heap before GC invocations=10 (full 0):
 garbage-first heap   total 131072K, used 107520K [0x00000000c0000000, 0x00000000c0100400, 0x0000000100000000)
  region size 1024K, 69 young (70656K), 2 survivors (2048K)
 Metaspace       used 49768K, capacity 52492K, committed 52736K, reserved 1095680K
  class space    used 5268K, capacity 6115K, committed 6144K, reserved 1048576K
Event: 23.415 GC heap after
Heap after GC invocations=11 (full 0):
 garbage-first heap   total 131072K, used 50688K [0x00000000c0000000, 0x00000000c0100400, 0x0000000100000000)
  region size 1024K, 9 young (9216K), 9 survivors (9216K)
 Metaspace       used 49768K, capacity 52492K, committed 52736K, reserved 1095680K
  class space    used 5268K, capacity 6115K, committed 6144K, reserved 1048576K
}
Event: 4473.917 GC heap before
{Heap before GC invocations=11 (full 0):
 garbage-first heap   total 131072K, used 108032K [0x00000000c0000000, 0x00000000c0100400, 0x0000000100000000)
  region size 1024K, 65 young (66560K), 9 survivors (9216K)
 Metaspace       used 53881K, capacity 56708K, committed 57088K, reserved 1099776K
  class space    used 5711K, capacity 6568K, committed 6656K, reserved 1048576K

